<?xml version="1.0" encoding="UTF-8"?>
<testng-results ignored="0" total="10" passed="10" failed="0" skipped="0">
  <reporter-output>
  </reporter-output>
  <suite started-at="2026-01-11T15:26:14 IST" name="Suite" finished-at="2026-01-11T15:26:40 IST" duration-ms="26512">
    <groups>
    </groups>
    <test started-at="2026-01-11T15:26:14 IST" name="Test" finished-at="2026-01-11T15:26:40 IST" duration-ms="26512">
      <class name="api.test.UserTest">
        <test-method is-config="true" signature="setupData()[pri:0, instance:api.test.UserTest@57bc27f5]" started-at="2026-01-11T15:26:14 IST" name="setupData" finished-at="2026-01-11T15:26:14 IST" duration-ms="223" status="PASS">
          <reporter-output>
          </reporter-output>
        </test-method> <!-- setupData -->
        <test-method signature="testpostUser()[pri:2, instance:api.test.UserTest@57bc27f5]" started-at="2026-01-11T15:26:14 IST" name="testpostUser" finished-at="2026-01-11T15:26:21 IST" duration-ms="6414" status="PASS">
          <reporter-output>
          </reporter-output>
        </test-method> <!-- testpostUser -->
        <test-method signature="testgetuser()[pri:3, instance:api.test.UserTest@57bc27f5]" started-at="2026-01-11T15:26:21 IST" name="testgetuser" finished-at="2026-01-11T15:26:23 IST" duration-ms="1952" status="PASS">
          <reporter-output>
          </reporter-output>
        </test-method> <!-- testgetuser -->
        <test-method signature="testupdateuser()[pri:4, instance:api.test.UserTest@57bc27f5]" started-at="2026-01-11T15:26:23 IST" name="testupdateuser" finished-at="2026-01-11T15:26:25 IST" duration-ms="2163" status="PASS">
          <reporter-output>
          </reporter-output>
        </test-method> <!-- testupdateuser -->
        <test-method signature="testdeleteuser()[pri:5, instance:api.test.UserTest@57bc27f5]" started-at="2026-01-11T15:26:25 IST" name="testdeleteuser" finished-at="2026-01-11T15:26:29 IST" duration-ms="3970" status="PASS">
          <reporter-output>
          </reporter-output>
        </test-method> <!-- testdeleteuser -->
      </class> <!-- api.test.UserTest -->
      <class name="api.test.DDTest">
        <test-method signature="testpostuser(java.lang.String,java.lang.String,java.lang.String,java.lang.String,java.lang.String,java.lang.String,java.lang.String)[pri:1, instance:api.test.DDTest@2dfaea86]" started-at="2026-01-11T15:26:30 IST" name="testpostuser" data-provider="Data" finished-at="2026-01-11T15:26:31 IST" duration-ms="1718" status="PASS">
          <params>
            <param index="0">
              <value>
                <![CDATA[1]]>
              </value>
            </param>
            <param index="1">
              <value>
                <![CDATA[yashj]]>
              </value>
            </param>
            <param index="2">
              <value>
                <![CDATA[Yash]]>
              </value>
            </param>
            <param index="3">
              <value>
                <![CDATA[Jadhav]]>
              </value>
            </param>
            <param index="4">
              <value>
                <![CDATA[yash.jadhav@test.com]]>
              </value>
            </param>
            <param index="5">
              <value>
                <![CDATA[Test@1234]]>
              </value>
            </param>
            <param index="6">
              <value>
                <![CDATA[9876543210]]>
              </value>
            </param>
          </params>
          <reporter-output>
          </reporter-output>
        </test-method> <!-- testpostuser -->
        <test-method signature="testpostuser(java.lang.String,java.lang.String,java.lang.String,java.lang.String,java.lang.String,java.lang.String,java.lang.String)[pri:1, instance:api.test.DDTest@2dfaea86]" started-at="2026-01-11T15:26:31 IST" name="testpostuser" data-provider="Data" finished-at="2026-01-11T15:26:33 IST" duration-ms="1636" status="PASS">
          <params>
            <param index="0">
              <value>
                <![CDATA[2]]>
              </value>
            </param>
            <param index="1">
              <value>
                <![CDATA[ashishp]]>
              </value>
            </param>
            <param index="2">
              <value>
                <![CDATA[Ashish]]>
              </value>
            </param>
            <param index="3">
              <value>
                <![CDATA[Patil]]>
              </value>
            </param>
            <param index="4">
              <value>
                <![CDATA[ashish.patil@test.com]]>
              </value>
            </param>
            <param index="5">
              <value>
                <![CDATA[Pass@5678]]>
              </value>
            </param>
            <param index="6">
              <value>
                <![CDATA[9123456780]]>
              </value>
            </param>
          </params>
          <reporter-output>
          </reporter-output>
        </test-method> <!-- testpostuser -->
        <test-method signature="testpostuser(java.lang.String,java.lang.String,java.lang.String,java.lang.String,java.lang.String,java.lang.String,java.lang.String)[pri:1, instance:api.test.DDTest@2dfaea86]" started-at="2026-01-11T15:26:33 IST" name="testpostuser" data-provider="Data" finished-at="2026-01-11T15:26:35 IST" duration-ms="1739" status="PASS">
          <params>
            <param index="0">
              <value>
                <![CDATA[3]]>
              </value>
            </param>
            <param index="1">
              <value>
                <![CDATA[rohitk]]>
              </value>
            </param>
            <param index="2">
              <value>
                <![CDATA[Rohit]]>
              </value>
            </param>
            <param index="3">
              <value>
                <![CDATA[Kulkarni]]>
              </value>
            </param>
            <param index="4">
              <value>
                <![CDATA[rohit.kulkarni@test.com]]>
              </value>
            </param>
            <param index="5">
              <value>
                <![CDATA[Secure@9012]]>
              </value>
            </param>
            <param index="6">
              <value>
                <![CDATA[9988776655]]>
              </value>
            </param>
          </params>
          <reporter-output>
          </reporter-output>
        </test-method> <!-- testpostuser -->
        <test-method signature="testdeleteuser(java.lang.String)[pri:2, instance:api.test.DDTest@2dfaea86]" started-at="2026-01-11T15:26:35 IST" name="testdeleteuser" data-provider="GetUserName" finished-at="2026-01-11T15:26:37 IST" duration-ms="1930" status="PASS">
          <params>
            <param index="0">
              <value>
                <![CDATA[yashj]]>
              </value>
            </param>
          </params>
          <reporter-output>
          </reporter-output>
        </test-method> <!-- testdeleteuser -->
        <test-method signature="testdeleteuser(java.lang.String)[pri:2, instance:api.test.DDTest@2dfaea86]" started-at="2026-01-11T15:26:37 IST" name="testdeleteuser" data-provider="GetUserName" finished-at="2026-01-11T15:26:38 IST" duration-ms="1727" status="PASS">
          <params>
            <param index="0">
              <value>
                <![CDATA[ashishp]]>
              </value>
            </param>
          </params>
          <reporter-output>
          </reporter-output>
        </test-method> <!-- testdeleteuser -->
        <test-method signature="testdeleteuser(java.lang.String)[pri:2, instance:api.test.DDTest@2dfaea86]" started-at="2026-01-11T15:26:38 IST" name="testdeleteuser" data-provider="GetUserName" finished-at="2026-01-11T15:26:40 IST" duration-ms="1845" status="PASS">
          <params>
            <param index="0">
              <value>
                <![CDATA[rohitk]]>
              </value>
            </param>
          </params>
          <reporter-output>
          </reporter-output>
        </test-method> <!-- testdeleteuser -->
      </class> <!-- api.test.DDTest -->
    </test> <!-- Test -->
  </suite> <!-- Suite -->
</testng-results>
