<?xml version="1.0" encoding="UTF-8"?>
<testng-results ignored="0" total="4" passed="4" failed="0" skipped="0">
  <reporter-output>
  </reporter-output>
  <suite started-at="2026-01-10T18:59:37 IST" name="Default suite" finished-at="2026-01-10T18:59:55 IST" duration-ms="17656">
    <groups>
    </groups>
    <test started-at="2026-01-10T18:59:37 IST" name="Default test" finished-at="2026-01-10T18:59:55 IST" duration-ms="17656">
      <class name="api.test.UserTest">
        <test-method is-config="true" signature="setupData()[pri:0, instance:api.test.UserTest@7d20d0b]" started-at="2026-01-10T18:59:37 IST" name="setupData" finished-at="2026-01-10T18:59:38 IST" duration-ms="193" status="PASS">
          <reporter-output>
          </reporter-output>
        </test-method> <!-- setupData -->
        <test-method signature="testpostUser()[pri:2, instance:api.test.UserTest@7d20d0b]" started-at="2026-01-10T18:59:38 IST" name="testpostUser" finished-at="2026-01-10T18:59:44 IST" duration-ms="6650" status="PASS">
          <reporter-output>
          </reporter-output>
        </test-method> <!-- testpostUser -->
        <test-method signature="testgetuser()[pri:3, instance:api.test.UserTest@7d20d0b]" started-at="2026-01-10T18:59:44 IST" name="testgetuser" finished-at="2026-01-10T18:59:49 IST" duration-ms="4708" status="PASS">
          <reporter-output>
          </reporter-output>
        </test-method> <!-- testgetuser -->
        <test-method signature="testupdateuser()[pri:4, instance:api.test.UserTest@7d20d0b]" started-at="2026-01-10T18:59:49 IST" name="testupdateuser" finished-at="2026-01-10T18:59:52 IST" duration-ms="3014" status="PASS">
          <reporter-output>
          </reporter-output>
        </test-method> <!-- testupdateuser -->
        <test-method signature="testdeleteuser()[pri:5, instance:api.test.UserTest@7d20d0b]" started-at="2026-01-10T18:59:52 IST" name="testdeleteuser" finished-at="2026-01-10T18:59:55 IST" duration-ms="3036" status="PASS">
          <reporter-output>
          </reporter-output>
        </test-method> <!-- testdeleteuser -->
      </class> <!-- api.test.UserTest -->
    </test> <!-- Default test -->
  </suite> <!-- Default suite -->
</testng-results>
