<?xml version="1.0" encoding="UTF-8"?>
<!-- Generated by org.testng.reporters.JUnitXMLReporter -->
<testsuite ignored="0" hostname="DESKTOP-83Q27PP" failures="0" tests="10" name="Test" time="26.512" errors="0" timestamp="2026-01-11T15:26:41 IST">
  <testcase classname="api.test.UserTest" name="testpostUser" time="6.414"/>
  <testcase classname="api.test.UserTest" name="testgetuser" time="1.952"/>
  <testcase classname="api.test.UserTest" name="testupdateuser" time="2.163"/>
  <testcase classname="api.test.UserTest" name="testdeleteuser" time="3.97"/>
  <testcase classname="api.test.DDTest" name="testpostuser" time="1.718"/>
  <testcase classname="api.test.DDTest" name="testpostuser" time="1.636"/>
  <testcase classname="api.test.DDTest" name="testpostuser" time="1.739"/>
  <testcase classname="api.test.DDTest" name="testdeleteuser" time="1.93"/>
  <testcase classname="api.test.DDTest" name="testdeleteuser" time="1.727"/>
  <testcase classname="api.test.DDTest" name="testdeleteuser" time="1.845"/>
</testsuite> <!-- Test -->
