<?xml version="1.0" encoding="UTF-8"?>
<!-- Generated by org.testng.reporters.JUnitReportReporter -->
<testsuite hostname="DESKTOP-83Q27PP" failures="0" tests="4" name="api.test.UserTest" time="17.408" errors="0" timestamp="2026-01-10T18:59:55 IST" skipped="0">
  <testcase classname="api.test.UserTest" name="testpostUser" time="6.650"/>
  <testcase classname="api.test.UserTest" name="testgetuser" time="4.708"/>
  <testcase classname="api.test.UserTest" name="testupdateuser" time="3.014"/>
  <testcase classname="api.test.UserTest" name="testdeleteuser" time="3.036"/>
</testsuite> <!-- api.test.UserTest -->
