<?xml version="1.0" encoding="UTF-8"?>
<!-- Generated by org.testng.reporters.JUnitReportReporter -->
<testsuite hostname="DESKTOP-83Q27PP" failures="0" tests="6" name="api.test.DDTest" time="15.829" errors="0" timestamp="2026-01-11T12:44:22 IST" skipped="0">
  <testcase classname="api.test.DDTest" name="testpostuser" time="4.462"/>
  <testcase classname="api.test.DDTest" name="testpostuser" time="1.833"/>
  <testcase classname="api.test.DDTest" name="testpostuser" time="2.867"/>
  <testcase classname="api.test.DDTest" name="testdeleteuser" time="2.074"/>
  <testcase classname="api.test.DDTest" name="testdeleteuser" time="2.750"/>
  <testcase classname="api.test.DDTest" name="testdeleteuser" time="1.843"/>
</testsuite> <!-- api.test.DDTest -->
