<?xml version="1.0" encoding="UTF-8"?>
<!-- Generated by org.testng.reporters.JUnitReportReporter -->
<testsuite hostname="DESKTOP-83Q27PP" failures="0" tests="4" name="api.test.UserTest" time="14.499" errors="0" timestamp="2026-01-11T15:26:41 IST" skipped="0">
  <testcase classname="api.test.UserTest" name="testpostUser" time="6.414"/>
  <testcase classname="api.test.UserTest" name="testgetuser" time="1.952"/>
  <testcase classname="api.test.UserTest" name="testupdateuser" time="2.163"/>
  <testcase classname="api.test.UserTest" name="testdeleteuser" time="3.970"/>
</testsuite> <!-- api.test.UserTest -->
