<?xml version="1.0" encoding="UTF-8"?>
<!-- Generated by org.testng.reporters.JUnitReportReporter -->
<testsuite hostname="DESKTOP-83Q27PP" failures="0" tests="6" name="api.test.DDTest" time="10.595" errors="0" timestamp="2026-01-11T15:26:41 IST" skipped="0">
  <testcase classname="api.test.DDTest" name="testpostuser" time="1.718"/>
  <testcase classname="api.test.DDTest" name="testpostuser" time="1.739"/>
  <testcase classname="api.test.DDTest" name="testpostuser" time="1.636"/>
  <testcase classname="api.test.DDTest" name="testdeleteuser" time="1.727"/>
  <testcase classname="api.test.DDTest" name="testdeleteuser" time="1.930"/>
  <testcase classname="api.test.DDTest" name="testdeleteuser" time="1.845"/>
</testsuite> <!-- api.test.DDTest -->
